INFO:root:Started
INFO:root:Finished
INFO:root:Started
INFO:root:Fotos are downloaded form VK
INFO:root:Fotos were downloaded form VK
INFO:root:Fotos were added to the class object
INFO:root:Fotos were added to the class object
INFO:root:Fotos were added to the class object
INFO:root:Fotos were added to the class object
INFO:root:Fotos were added to the class object
INFO:root:Fotos are about to be send to Yandex disc
INFO:root:Fotos were successfully sent to Yandex disc
INFO:root:Fotos are about to be send to Yandex disc
INFO:root:Fotos were successfully sent to Yandex disc
INFO:root:Fotos are about to be send to Yandex disc
INFO:root:Fotos were successfully sent to Yandex disc
INFO:root:Fotos are about to be send to Yandex disc
INFO:root:Fotos were successfully sent to Yandex disc
INFO:root:Fotos are about to be send to Yandex disc
INFO:root:Fotos were successfully sent to Yandex disc
INFO:root:Json file is to be created
INFO:root:Finished
INFO:root:Started
INFO:root:Fotos are downloaded form VK
INFO:root:Fotos were downloaded form VK
INFO:root:Fotos were added to the class object
INFO:root:Fotos were added to the class object
INFO:root:Fotos were added to the class object
INFO:root:Fotos were added to the class object
INFO:root:Fotos were added to the class object
INFO:root:Fotos are about to be send to Yandex disc
INFO:root:Fotos are about to be send to Yandex disc
INFO:root:Fotos are about to be send to Yandex disc
INFO:root:Fotos are about to be send to Yandex disc
INFO:root:Fotos are about to be send to Yandex disc
INFO:root:Json file is to be created
INFO:root:Finished
INFO:root:Started
INFO:root:Fotos are downloaded form VK
INFO:root:Fotos were downloaded form VK
INFO:root:Fotos were added to the class object
INFO:root:Fotos were added to the class object
INFO:root:Fotos were added to the class object
INFO:root:Fotos were added to the class object
INFO:root:Fotos were added to the class object
INFO:root:Fotos are about to be send to Yandex disc
INFO:root:Fotos are about to be send to Yandex disc
INFO:root:Fotos are about to be send to Yandex disc
INFO:root:Fotos are about to be send to Yandex disc
INFO:root:Fotos are about to be send to Yandex disc
INFO:root:Json file is to be created
INFO:root:Finished
INFO:root:Started
INFO:root:Fotos are downloaded form VK
INFO:root:Fotos were downloaded form VK
INFO:root:Fotos were added to the class object
INFO:root:Fotos were added to the class object
INFO:root:Fotos were added to the class object
INFO:root:Fotos were added to the class object
INFO:root:Fotos were added to the class object
INFO:root:Fotos are about to be send to Yandex disc
INFO:root:Fotos are about to be send to Yandex disc
INFO:root:Fotos are about to be send to Yandex disc
INFO:root:Fotos are about to be send to Yandex disc
INFO:root:Fotos are about to be send to Yandex disc
INFO:root:Json file is to be created
INFO:root:Finished
INFO:root:Started
INFO:root:Fotos are downloaded form VK
INFO:root:Fotos were downloaded form VK
INFO:root:Fotos were added to the class object
INFO:root:Fotos were added to the class object
INFO:root:Fotos were added to the class object
INFO:root:Fotos were added to the class object
INFO:root:Fotos were added to the class object
INFO:root:Fotos are about to be send to Yandex disc
INFO:root:Fotos are about to be send to Yandex disc
INFO:root:Fotos are about to be send to Yandex disc
INFO:root:Fotos are about to be send to Yandex disc
INFO:root:Fotos are about to be send to Yandex disc
INFO:root:Json file is to be created
INFO:root:Finished
INFO:root:Started
INFO:root:Fotos are downloaded form VK
INFO:root:Fotos were downloaded form VK
INFO:root:Fotos were added to the class object
INFO:root:Fotos were added to the class object
INFO:root:Fotos were added to the class object
INFO:root:Fotos were added to the class object
INFO:root:Fotos were added to the class object
INFO:root:Fotos are about to be send to Yandex disc
INFO:root:Fotos were successfully sent to Yandex disc
INFO:root:Fotos are about to be send to Yandex disc
INFO:root:Fotos were successfully sent to Yandex disc
INFO:root:Fotos are about to be send to Yandex disc
INFO:root:Fotos were successfully sent to Yandex disc
INFO:root:Fotos are about to be send to Yandex disc
INFO:root:Fotos were successfully sent to Yandex disc
INFO:root:Fotos are about to be send to Yandex disc
INFO:root:Fotos were successfully sent to Yandex disc
INFO:root:Json file is to be created
INFO:root:Finished
INFO:root:Started
INFO:root:Fotos are downloaded form VK
INFO:root:Fotos were downloaded form VK
INFO:root:Fotos were added to the class object
INFO:root:Fotos were added to the class object
INFO:root:Fotos were added to the class object
INFO:root:Fotos were added to the class object
INFO:root:Fotos were added to the class object
INFO:root:Fotos are about to be send to Yandex disc
INFO:root:Fotos are about to be send to Yandex disc
INFO:root:Fotos are about to be send to Yandex disc
INFO:root:Fotos are about to be send to Yandex disc
INFO:root:Fotos are about to be send to Yandex disc
INFO:root:Json file is to be created
INFO:root:Finished
INFO:root:Started
INFO:root:Fotos are downloaded form VK
INFO:root:Fotos were downloaded form VK
INFO:root:Fotos were added to the class object
INFO:root:Fotos were added to the class object
INFO:root:Fotos were added to the class object
INFO:root:Fotos were added to the class object
INFO:root:Fotos were added to the class object
INFO:root:Fotos are about to be send to Yandex disc
INFO:root:Fotos were successfully sent to Yandex disc
INFO:root:Fotos are about to be send to Yandex disc
INFO:root:Fotos were successfully sent to Yandex disc
INFO:root:Fotos are about to be send to Yandex disc
INFO:root:Fotos were successfully sent to Yandex disc
INFO:root:Fotos are about to be send to Yandex disc
INFO:root:Fotos were successfully sent to Yandex disc
INFO:root:Fotos are about to be send to Yandex disc
INFO:root:Fotos were successfully sent to Yandex disc
INFO:root:Json file is to be created
INFO:root:Finished
INFO:root:Started
INFO:root:Fotos are downloaded form VK
INFO:root:Fotos were downloaded form VK
INFO:root:Fotos were added to the class object
INFO:root:Fotos were added to the class object
INFO:root:Fotos were added to the class object
INFO:root:Fotos were added to the class object
INFO:root:Fotos were added to the class object
INFO:root:Fotos are about to be send to Yandex disc
INFO:root:Catalog created on Yandex disc
INFO:root:Fotos were successfully sent to Yandex disc
INFO:root:Fotos are about to be send to Yandex disc
INFO:root:Catalog created on Yandex disc
INFO:root:Fotos were successfully sent to Yandex disc
INFO:root:Fotos are about to be send to Yandex disc
INFO:root:Catalog created on Yandex disc
INFO:root:Fotos were successfully sent to Yandex disc
INFO:root:Fotos are about to be send to Yandex disc
INFO:root:Catalog created on Yandex disc
INFO:root:Fotos were successfully sent to Yandex disc
INFO:root:Fotos are about to be send to Yandex disc
INFO:root:Catalog created on Yandex disc
INFO:root:Fotos were successfully sent to Yandex disc
INFO:root:Json file is to be created
INFO:root:Finished
INFO:root:Started
INFO:root:Fotos are downloaded form VK
INFO:root:Fotos were downloaded form VK
INFO:root:Fotos were added to the class object
INFO:root:Fotos were added to the class object
INFO:root:Fotos were added to the class object
INFO:root:Fotos were added to the class object
INFO:root:Fotos were added to the class object
INFO:root:Fotos are about to be send to Yandex disc
INFO:root:Catalog created on Yandex disc
INFO:root:Fotos were successfully sent to Yandex disc
INFO:root:Fotos are about to be send to Yandex disc
INFO:root:Catalog created on Yandex disc
INFO:root:Fotos were successfully sent to Yandex disc
INFO:root:Fotos are about to be send to Yandex disc
INFO:root:Catalog created on Yandex disc
INFO:root:Fotos were successfully sent to Yandex disc
INFO:root:Fotos are about to be send to Yandex disc
INFO:root:Catalog created on Yandex disc
INFO:root:Fotos were successfully sent to Yandex disc
INFO:root:Fotos are about to be send to Yandex disc
INFO:root:Catalog created on Yandex disc
INFO:root:Fotos were successfully sent to Yandex disc
INFO:root:Json file is to be created
INFO:root:Finished
